TN:
SF:src/GoldToken.sol
DA:42,75
FN:42,GoldToken.constructor
FNDA:75,GoldToken.constructor
DA:43,75
DA:47,73
FN:47,GoldToken.initialize
FNDA:73,GoldToken.initialize
DA:52,73
DA:53,73
DA:54,73
DA:56,73
DA:58,73
DA:60,73
DA:63,73
DA:67,73
DA:68,73
DA:69,73
DA:73,2
FN:73,GoldToken._authorizeUpgrade
FNDA:2,GoldToken._authorizeUpgrade
DA:80,1
FN:80,GoldToken.addOwner
FNDA:1,GoldToken.addOwner
DA:81,1
DA:85,1
FN:85,GoldToken.removeOwner
FNDA:1,GoldToken.removeOwner
DA:86,1
DA:94,1
FN:94,GoldToken.claimEth
FNDA:1,GoldToken.claimEth
DA:95,1
DA:99,40
FN:99,GoldToken.setFeesAddress
FNDA:40,GoldToken.setFeesAddress
DA:100,40
DA:104,73
FN:104,GoldToken.setLotterieAddress
FNDA:73,GoldToken.setLotterieAddress
DA:105,73
DA:109,1
FN:109,GoldToken.pause
FNDA:1,GoldToken.pause
DA:110,1
DA:114,1
FN:114,GoldToken.unpause
FNDA:1,GoldToken.unpause
DA:115,1
DA:126,72
FN:126,GoldToken.mint
FNDA:72,GoldToken.mint
DA:127,71
BRDA:127,0,0,1
DA:128,1
DA:131,70
DA:132,70
BRDA:132,1,0,1
DA:133,1
DA:138,69
DA:139,69
DA:140,69
BRDA:140,2,0,1
DA:141,1
DA:144,68
DA:146,68
DA:147,68
DA:149,68
DA:151,68
DA:152,68
DA:153,68
DA:155,68
DA:159,2
FN:159,GoldToken.burn
FNDA:2,GoldToken.burn
DA:160,1
DA:161,1
BRDA:161,3,0,1
DA:162,1
DA:167,41
FN:167,GoldToken.transfer
FNDA:41,GoldToken.transfer
DA:168,41
BRDA:168,4,0,1
DA:169,1
DA:171,40
BRDA:171,5,0,33
DA:172,33
DA:174,40
DA:175,40
DA:176,40
DA:180,34
FN:180,GoldToken._removeUser
FNDA:34,GoldToken._removeUser
DA:181,34
DA:182,34
DA:183,36
BRDA:183,6,0,19
DA:184,19
DA:185,19
DA:186,19
DA:192,108
FN:192,GoldToken._addUser
FNDA:108,GoldToken._addUser
DA:193,108
BRDA:193,7,0,101
DA:194,101
DA:195,101
DA:204,2
FN:204,GoldToken.getGoldPriceInEth
FNDA:2,GoldToken.getGoldPriceInEth
DA:205,72
DA:206,72
DA:208,72
DA:209,72
DA:213,1
FN:213,GoldToken.getFees
FNDA:1,GoldToken.getFees
DA:214,1
DA:218,2
FN:218,GoldToken.getFeesAddress
FNDA:2,GoldToken.getFeesAddress
DA:219,2
DA:223,1
FN:223,GoldToken.getUsers
FNDA:1,GoldToken.getUsers
DA:224,1
DA:228,1
FN:228,GoldToken.getTimestamps
FNDA:1,GoldToken.getTimestamps
DA:229,1
DA:230,1
DA:231,1
DA:232,1
DA:234,1
DA:238,2
FN:238,GoldToken.hasOwnerRole
FNDA:2,GoldToken.hasOwnerRole
DA:239,2
DA:243,20
FN:243,GoldToken.balanceOf
FNDA:20,GoldToken.balanceOf
DA:244,54
FNF:22
FNH:22
LF:90
LH:90
BRF:8
BRH:8
end_of_record
TN:
SF:src/Lotterie.sol
DA:45,15
FN:45,Lotterie.constructor
FNDA:15,Lotterie.constructor
DA:46,15
DA:50,15
FN:50,Lotterie.initialize
FNDA:15,Lotterie.initialize
DA:60,15
DA:62,15
DA:64,15
DA:66,15
DA:67,15
DA:68,15
DA:69,15
DA:70,15
DA:71,15
DA:73,15
DA:74,15
DA:77,0
FN:77,Lotterie._authorizeUpgrade
FNDA:0,Lotterie._authorizeUpgrade
DA:84,1
FN:84,Lotterie.addOwner
FNDA:1,Lotterie.addOwner
DA:85,1
DA:89,1
FN:89,Lotterie.removeOwner
FNDA:1,Lotterie.removeOwner
DA:90,1
DA:98,1
FN:98,Lotterie.setVrfSubscriptionId
FNDA:1,Lotterie.setVrfSubscriptionId
DA:99,1
DA:103,1
FN:103,Lotterie.setVrfCoordinator
FNDA:1,Lotterie.setVrfCoordinator
DA:104,1
DA:108,1
FN:108,Lotterie.setKeyHash
FNDA:1,Lotterie.setKeyHash
DA:109,1
DA:113,1
FN:113,Lotterie.setCallbackGasLimit
FNDA:1,Lotterie.setCallbackGasLimit
DA:114,1
DA:118,1
FN:118,Lotterie.setRequestConfirmations
FNDA:1,Lotterie.setRequestConfirmations
DA:119,1
DA:123,1
FN:123,Lotterie.setNumWords
FNDA:1,Lotterie.setNumWords
DA:124,1
DA:128,1
FN:128,Lotterie.setGoldToken
FNDA:1,Lotterie.setGoldToken
DA:129,1
DA:137,2
FN:137,Lotterie.randomDraw
FNDA:2,Lotterie.randomDraw
DA:138,2
BRDA:138,0,0,1
DA:139,1
DA:142,1
DA:154,1
DA:155,1
DA:156,1
DA:159,0
FN:159,Lotterie.fulfillRandomWords
FNDA:0,Lotterie.fulfillRandomWords
DA:161,0
DA:162,0
DA:164,0
DA:165,0
DA:167,0
DA:171,1
FN:171,Lotterie.claim
FNDA:1,Lotterie.claim
DA:172,1
DA:173,1
BRDA:173,1,0,1
DA:174,1
DA:176,0
DA:177,0
DA:178,0
BRDA:178,2,0,-
DA:179,0
DA:184,2
FN:184,Lotterie.hasOwnerRole
FNDA:2,Lotterie.hasOwnerRole
DA:185,2
DA:189,1
FN:189,Lotterie.getLastRequestId
FNDA:1,Lotterie.getLastRequestId
DA:190,1
BRDA:190,3,0,1
DA:191,1
DA:193,0
DA:197,1
FN:197,Lotterie.getGains
FNDA:1,Lotterie.getGains
DA:198,1
DA:202,1
FN:202,Lotterie.getResults
FNDA:1,Lotterie.getResults
DA:203,1
DA:207,1
FN:207,Lotterie.getVrfCoordinator
FNDA:1,Lotterie.getVrfCoordinator
DA:208,1
DA:212,1
FN:212,Lotterie.getKeyHash
FNDA:1,Lotterie.getKeyHash
DA:213,1
DA:217,1
FN:217,Lotterie.getCallbackGasLimit
FNDA:1,Lotterie.getCallbackGasLimit
DA:218,1
DA:222,1
FN:222,Lotterie.getRequestConfirmations
FNDA:1,Lotterie.getRequestConfirmations
DA:223,1
DA:227,1
FN:227,Lotterie.getNumWords
FNDA:1,Lotterie.getNumWords
DA:228,1
DA:232,1
FN:232,Lotterie.getGoldToken
FNDA:1,Lotterie.getGoldToken
DA:233,1
DA:237,1
FN:237,Lotterie.getVrfSubscriptionId
FNDA:1,Lotterie.getVrfSubscriptionId
DA:238,1
FNF:26
FNH:24
LF:78
LH:66
BRF:4
BRH:3
end_of_record
TN:
SF:src/TokenBridge.sol
DA:87,8
FN:87,TokenBridge.onlyEnabledChain
FNDA:8,TokenBridge.onlyEnabledChain
DA:88,8
DA:97,43
FN:97,TokenBridge.constructor
FNDA:43,TokenBridge.constructor
DA:98,43
DA:105,43
FN:105,TokenBridge.initialize
FNDA:43,TokenBridge.initialize
DA:109,42
DA:110,42
DA:112,42
BRDA:112,0,0,2
DA:113,2
DA:116,40
DA:117,40
DA:119,40
DA:120,40
DA:121,40
DA:123,40
DA:130,40
DA:136,2
FN:136,TokenBridge._authorizeUpgrade
FNDA:2,TokenBridge._authorizeUpgrade
DA:141,2
FN:141,TokenBridge.supportsInterface
FNDA:2,TokenBridge.supportsInterface
DA:148,2
DA:159,2
FN:159,TokenBridge.addOwner
FNDA:2,TokenBridge.addOwner
DA:160,1
DA:167,1
FN:167,TokenBridge.removeOwner
FNDA:1,TokenBridge.removeOwner
DA:168,1
DA:176,9
FN:176,TokenBridge.bridgeTokens
FNDA:9,TokenBridge.bridgeTokens
DA:183,8
DA:184,8
DA:194,8
FN:194,TokenBridge._bridgeTokens
FNDA:8,TokenBridge._bridgeTokens
DA:199,7
BRDA:199,1,0,1
DA:200,6
BRDA:200,2,0,1
DA:202,5
DA:203,5
DA:205,5
DA:206,5
DA:208,5
DA:210,5
DA:218,5
DA:219,5
DA:221,5
BRDA:221,3,0,2
BRDA:221,3,1,1
DA:222,2
BRDA:222,4,0,1
DA:224,3
BRDA:224,5,0,2
DA:225,2
DA:226,2
BRDA:226,6,0,1
DA:227,1
DA:229,1
DA:233,3
DA:235,3
DA:237,3
DA:245,9
FN:245,TokenBridge._ccipReceive
FNDA:9,TokenBridge._ccipReceive
DA:246,1
BRDA:246,7,0,1
DA:247,1
DA:250,7
BRDA:250,8,0,1
DA:251,1
DA:254,6
DA:255,6
BRDA:255,9,0,1
DA:257,5
DA:258,5
BRDA:258,10,0,1
DA:260,4
DA:261,4
DA:263,4
BRDA:263,11,0,3
DA:264,3
DA:265,3
BRDA:265,12,0,3
DA:266,3
DA:267,3
DA:269,3
BRDA:269,13,0,1
DA:271,2
DA:273,2
DA:275,2
DA:280,3
BRDA:280,14,0,1
DA:281,1
DA:290,8
FN:290,TokenBridge._onlyEnabledChain
FNDA:8,TokenBridge._onlyEnabledChain
DA:291,8
BRDA:291,15,0,1
DA:292,1
DA:301,43
FN:301,TokenBridge.setWhitelistedChain
FNDA:43,TokenBridge.setWhitelistedChain
DA:306,43
BRDA:306,16,0,1
DA:308,42
DA:310,40
BRDA:310,17,0,40
BRDA:310,17,1,2
DA:311,40
DA:313,2
DA:318,43
FN:318,TokenBridge.setWhitelistedSender
FNDA:43,TokenBridge.setWhitelistedSender
DA:319,43
BRDA:319,18,0,1
DA:320,42
DA:321,41
BRDA:321,19,0,41
BRDA:321,19,1,1
DA:322,41
DA:324,1
DA:332,3
FN:332,TokenBridge.pause
FNDA:3,TokenBridge.pause
DA:333,3
DA:340,1
FN:340,TokenBridge.unpause
FNDA:1,TokenBridge.unpause
DA:341,1
DA:352,5
FN:352,TokenBridge.withdraw
FNDA:5,TokenBridge.withdraw
DA:353,5
DA:354,5
BRDA:354,20,0,1
DA:355,4
BRDA:355,21,0,1
DA:357,3
DA:358,3
BRDA:358,22,0,1
DA:362,5
FN:362,TokenBridge.withdrawToken
FNDA:5,TokenBridge.withdrawToken
DA:363,5
BRDA:363,23,0,1
DA:364,4
BRDA:364,24,0,1
DA:366,3
DA:367,3
BRDA:367,25,0,1
DA:369,2
DA:377,3
FN:377,TokenBridge.whitelistedChains
FNDA:3,TokenBridge.whitelistedChains
DA:378,3
DA:382,1
FN:382,TokenBridge.getLinkBalance
FNDA:1,TokenBridge.getLinkBalance
DA:383,1
DA:387,1
FN:387,TokenBridge.getGoldTokenBalance
FNDA:1,TokenBridge.getGoldTokenBalance
DA:388,1
DA:396,3
FN:396,TokenBridge.hasOwnerRole
FNDA:3,TokenBridge.hasOwnerRole
DA:397,3
FNF:21
FNH:21
LF:108
LH:108
BRF:29
BRH:29
end_of_record
TN:
SF:test/TokenBridge.t.sol
DA:692,1
FN:692,ContractThatRejectsEth.receive
FNDA:1,ContractThatRejectsEth.receive
DA:693,1
FNF:1
FNH:1
LF:2
LH:2
BRF:0
BRH:0
end_of_record
TN:
SF:test/mock/TestLinkToken.sol
DA:9,1
FN:9,TestLinkToken.mint
FNDA:1,TestLinkToken.mint
DA:10,1
FNF:1
FNH:1
LF:2
LH:2
BRF:0
BRH:0
end_of_record
