TN:
SF:src/GoldToken.sol
DA:42,79
FN:42,GoldToken.constructor
FNDA:79,GoldToken.constructor
DA:43,79
DA:47,77
FN:47,GoldToken.initialize
FNDA:77,GoldToken.initialize
DA:52,77
DA:53,77
DA:54,77
DA:56,77
DA:58,77
DA:60,77
DA:63,77
DA:67,77
DA:68,77
DA:69,77
DA:73,2
FN:73,GoldToken._authorizeUpgrade
FNDA:2,GoldToken._authorizeUpgrade
DA:80,1
FN:80,GoldToken.addOwner
FNDA:1,GoldToken.addOwner
DA:81,1
DA:85,1
FN:85,GoldToken.removeOwner
FNDA:1,GoldToken.removeOwner
DA:86,1
DA:94,1
FN:94,GoldToken.claimEth
FNDA:1,GoldToken.claimEth
DA:95,1
DA:99,40
FN:99,GoldToken.setFeesAddress
FNDA:40,GoldToken.setFeesAddress
DA:100,40
DA:104,77
FN:104,GoldToken.setLotterieAddress
FNDA:77,GoldToken.setLotterieAddress
DA:105,77
DA:109,1
FN:109,GoldToken.pause
FNDA:1,GoldToken.pause
DA:110,1
DA:114,1
FN:114,GoldToken.unpause
FNDA:1,GoldToken.unpause
DA:115,1
DA:126,78
FN:126,GoldToken.mint
FNDA:78,GoldToken.mint
DA:127,77
BRDA:127,0,0,1
DA:128,1
DA:131,76
DA:132,76
BRDA:132,1,0,1
DA:133,1
DA:138,75
DA:139,75
DA:140,75
BRDA:140,2,0,1
DA:141,1
DA:144,74
DA:146,74
DA:147,74
DA:149,74
DA:151,74
DA:152,74
DA:153,74
DA:155,74
DA:159,2
FN:159,GoldToken.burn
FNDA:2,GoldToken.burn
DA:160,1
DA:161,1
BRDA:161,3,0,1
DA:162,1
DA:167,50
FN:167,GoldToken.transfer
FNDA:50,GoldToken.transfer
DA:168,50
BRDA:168,4,0,1
DA:169,1
DA:171,49
BRDA:171,5,0,41
DA:172,41
DA:174,49
DA:175,49
DA:176,49
DA:180,42
FN:180,GoldToken._removeUser
FNDA:42,GoldToken._removeUser
DA:181,42
DA:182,42
DA:183,44
BRDA:183,6,0,23
DA:184,23
DA:185,23
DA:186,23
DA:192,123
FN:192,GoldToken._addUser
FNDA:123,GoldToken._addUser
DA:193,123
BRDA:193,7,0,115
DA:194,115
DA:195,115
DA:204,2
FN:204,GoldToken.getGoldPriceInEth
FNDA:2,GoldToken.getGoldPriceInEth
DA:205,78
DA:206,78
DA:208,78
DA:209,78
DA:213,1
FN:213,GoldToken.getFees
FNDA:1,GoldToken.getFees
DA:214,1
DA:218,2
FN:218,GoldToken.getFeesAddress
FNDA:2,GoldToken.getFeesAddress
DA:219,2
DA:223,3
FN:223,GoldToken.getUsers
FNDA:3,GoldToken.getUsers
DA:224,3
DA:228,1
FN:228,GoldToken.getTimestamps
FNDA:1,GoldToken.getTimestamps
DA:229,1
DA:230,1
DA:231,1
DA:232,1
DA:234,1
DA:238,2
FN:238,GoldToken.hasOwnerRole
FNDA:2,GoldToken.hasOwnerRole
DA:239,2
DA:243,26
FN:243,GoldToken.balanceOf
FNDA:26,GoldToken.balanceOf
DA:244,68
FNF:22
FNH:22
LF:90
LH:90
BRF:8
BRH:8
end_of_record
TN:
SF:src/Lotterie.sol
DA:45,21
FN:45,Lotterie.constructor
FNDA:21,Lotterie.constructor
DA:46,21
DA:50,19
FN:50,Lotterie.initialize
FNDA:19,Lotterie.initialize
DA:60,19
DA:62,19
DA:64,19
DA:66,19
DA:67,19
DA:68,19
DA:69,19
DA:70,19
DA:71,19
DA:73,19
DA:74,19
DA:77,2
FN:77,Lotterie._authorizeUpgrade
FNDA:2,Lotterie._authorizeUpgrade
DA:84,1
FN:84,Lotterie.addOwner
FNDA:1,Lotterie.addOwner
DA:85,1
DA:89,1
FN:89,Lotterie.removeOwner
FNDA:1,Lotterie.removeOwner
DA:90,1
DA:98,1
FN:98,Lotterie.setVrfSubscriptionId
FNDA:1,Lotterie.setVrfSubscriptionId
DA:99,1
DA:103,1
FN:103,Lotterie.setVrfCoordinator
FNDA:1,Lotterie.setVrfCoordinator
DA:104,1
DA:108,1
FN:108,Lotterie.setKeyHash
FNDA:1,Lotterie.setKeyHash
DA:109,1
DA:113,1
FN:113,Lotterie.setCallbackGasLimit
FNDA:1,Lotterie.setCallbackGasLimit
DA:114,1
DA:118,1
FN:118,Lotterie.setRequestConfirmations
FNDA:1,Lotterie.setRequestConfirmations
DA:119,1
DA:123,1
FN:123,Lotterie.setNumWords
FNDA:1,Lotterie.setNumWords
DA:124,1
DA:128,1
FN:128,Lotterie.setGoldToken
FNDA:1,Lotterie.setGoldToken
DA:129,1
DA:137,4
FN:137,Lotterie.randomDraw
FNDA:4,Lotterie.randomDraw
DA:138,4
BRDA:138,0,0,1
DA:139,1
DA:142,3
DA:154,3
DA:155,3
DA:156,3
DA:159,2
FN:159,Lotterie.fulfillRandomWords
FNDA:2,Lotterie.fulfillRandomWords
DA:161,2
DA:162,2
DA:164,2
DA:165,2
DA:167,2
DA:171,3
FN:171,Lotterie.claim
FNDA:3,Lotterie.claim
DA:172,3
DA:173,3
BRDA:173,1,0,1
DA:174,1
DA:176,2
DA:177,2
DA:178,2
BRDA:178,2,0,1
DA:179,1
DA:184,2
FN:184,Lotterie.hasOwnerRole
FNDA:2,Lotterie.hasOwnerRole
DA:185,2
DA:189,2
FN:189,Lotterie.getLastRequestId
FNDA:2,Lotterie.getLastRequestId
DA:190,2
BRDA:190,3,0,1
DA:191,1
DA:193,1
DA:197,4
FN:197,Lotterie.getGains
FNDA:4,Lotterie.getGains
DA:198,4
DA:202,3
FN:202,Lotterie.getResults
FNDA:3,Lotterie.getResults
DA:203,3
DA:207,1
FN:207,Lotterie.getVrfCoordinator
FNDA:1,Lotterie.getVrfCoordinator
DA:208,1
DA:212,1
FN:212,Lotterie.getKeyHash
FNDA:1,Lotterie.getKeyHash
DA:213,1
DA:217,1
FN:217,Lotterie.getCallbackGasLimit
FNDA:1,Lotterie.getCallbackGasLimit
DA:218,1
DA:222,1
FN:222,Lotterie.getRequestConfirmations
FNDA:1,Lotterie.getRequestConfirmations
DA:223,1
DA:227,1
FN:227,Lotterie.getNumWords
FNDA:1,Lotterie.getNumWords
DA:228,1
DA:232,1
FN:232,Lotterie.getGoldToken
FNDA:1,Lotterie.getGoldToken
DA:233,1
DA:237,1
FN:237,Lotterie.getVrfSubscriptionId
FNDA:1,Lotterie.getVrfSubscriptionId
DA:238,1
FNF:26
FNH:26
LF:78
LH:78
BRF:4
BRH:4
end_of_record
TN:
SF:src/TokenBridge.sol
DA:87,8
FN:87,TokenBridge.onlyEnabledChain
FNDA:8,TokenBridge.onlyEnabledChain
DA:88,8
DA:97,43
FN:97,TokenBridge.constructor
FNDA:43,TokenBridge.constructor
DA:98,43
DA:105,43
FN:105,TokenBridge.initialize
FNDA:43,TokenBridge.initialize
DA:109,42
DA:110,42
DA:112,42
BRDA:112,0,0,2
DA:113,2
DA:116,40
DA:117,40
DA:119,40
DA:120,40
DA:121,40
DA:123,40
DA:130,40
DA:136,2
FN:136,TokenBridge._authorizeUpgrade
FNDA:2,TokenBridge._authorizeUpgrade
DA:141,2
FN:141,TokenBridge.supportsInterface
FNDA:2,TokenBridge.supportsInterface
DA:148,2
DA:159,2
FN:159,TokenBridge.addOwner
FNDA:2,TokenBridge.addOwner
DA:160,1
DA:167,1
FN:167,TokenBridge.removeOwner
FNDA:1,TokenBridge.removeOwner
DA:168,1
DA:176,9
FN:176,TokenBridge.bridgeTokens
FNDA:9,TokenBridge.bridgeTokens
DA:183,8
DA:184,8
DA:194,8
FN:194,TokenBridge._bridgeTokens
FNDA:8,TokenBridge._bridgeTokens
DA:199,7
BRDA:199,1,0,1
DA:200,6
BRDA:200,2,0,1
DA:202,5
DA:203,5
DA:205,5
DA:206,5
DA:208,5
DA:210,5
DA:218,5
DA:219,5
DA:221,5
BRDA:221,3,0,2
BRDA:221,3,1,1
DA:222,2
BRDA:222,4,0,1
DA:224,3
BRDA:224,5,0,2
DA:225,2
DA:226,2
BRDA:226,6,0,1
DA:227,1
DA:229,1
DA:233,3
DA:235,3
DA:237,3
DA:245,9
FN:245,TokenBridge._ccipReceive
FNDA:9,TokenBridge._ccipReceive
DA:246,1
BRDA:246,7,0,1
DA:247,1
DA:250,7
BRDA:250,8,0,1
DA:251,1
DA:254,6
DA:255,6
BRDA:255,9,0,1
DA:257,5
DA:258,5
BRDA:258,10,0,1
DA:260,4
DA:261,4
DA:263,4
BRDA:263,11,0,3
DA:264,3
DA:265,3
BRDA:265,12,0,3
DA:266,3
DA:267,3
DA:269,3
BRDA:269,13,0,1
DA:271,2
DA:273,2
DA:275,2
DA:280,3
BRDA:280,14,0,1
DA:281,1
DA:290,8
FN:290,TokenBridge._onlyEnabledChain
FNDA:8,TokenBridge._onlyEnabledChain
DA:291,8
BRDA:291,15,0,1
DA:292,1
DA:301,43
FN:301,TokenBridge.setWhitelistedChain
FNDA:43,TokenBridge.setWhitelistedChain
DA:306,43
BRDA:306,16,0,1
DA:308,42
DA:310,40
BRDA:310,17,0,40
BRDA:310,17,1,2
DA:311,40
DA:313,2
DA:318,43
FN:318,TokenBridge.setWhitelistedSender
FNDA:43,TokenBridge.setWhitelistedSender
DA:319,43
BRDA:319,18,0,1
DA:320,42
DA:321,41
BRDA:321,19,0,41
BRDA:321,19,1,1
DA:322,41
DA:324,1
DA:332,3
FN:332,TokenBridge.pause
FNDA:3,TokenBridge.pause
DA:333,3
DA:340,1
FN:340,TokenBridge.unpause
FNDA:1,TokenBridge.unpause
DA:341,1
DA:352,5
FN:352,TokenBridge.withdraw
FNDA:5,TokenBridge.withdraw
DA:353,5
DA:354,5
BRDA:354,20,0,1
DA:355,4
BRDA:355,21,0,1
DA:357,3
DA:358,3
BRDA:358,22,0,1
DA:362,5
FN:362,TokenBridge.withdrawToken
FNDA:5,TokenBridge.withdrawToken
DA:363,5
BRDA:363,23,0,1
DA:364,4
BRDA:364,24,0,1
DA:366,3
DA:367,3
BRDA:367,25,0,1
DA:369,2
DA:377,3
FN:377,TokenBridge.whitelistedChains
FNDA:3,TokenBridge.whitelistedChains
DA:378,3
DA:382,1
FN:382,TokenBridge.getLinkBalance
FNDA:1,TokenBridge.getLinkBalance
DA:383,1
DA:387,1
FN:387,TokenBridge.getGoldTokenBalance
FNDA:1,TokenBridge.getGoldTokenBalance
DA:388,1
DA:396,3
FN:396,TokenBridge.hasOwnerRole
FNDA:3,TokenBridge.hasOwnerRole
DA:397,3
FNF:21
FNH:21
LF:108
LH:108
BRF:29
BRH:29
end_of_record
TN:
SF:test/TokenBridge.t.sol
DA:692,1
FN:692,ContractThatRejectsEth.receive
FNDA:1,ContractThatRejectsEth.receive
DA:693,1
FNF:1
FNH:1
LF:2
LH:2
BRF:0
BRH:0
end_of_record
TN:
SF:test/mock/TestLinkToken.sol
DA:9,1
FN:9,TestLinkToken.mint
FNDA:1,TestLinkToken.mint
DA:10,1
FNF:1
FNH:1
LF:2
LH:2
BRF:0
BRH:0
end_of_record
